[debug] [2022-07-06T02:53:32.661Z] ----------------------------------------------------------------------
[debug] [2022-07-06T02:53:32.663Z] Command:       C:\Program Files\nodejs\node.exe C:\Users\Gioc7\AppData\Roaming\npm\node_modules\firebase-tools\lib\bin\firebase.js init hosting
[debug] [2022-07-06T02:53:32.664Z] CLI Version:   11.2.0
[debug] [2022-07-06T02:53:32.664Z] Platform:      win32
[debug] [2022-07-06T02:53:32.664Z] Node Version:  v16.15.0
[debug] [2022-07-06T02:53:32.665Z] Time:          Tue Jul 05 2022 23:53:32 GMT-0300 (Horário Padrão de Brasília)
[debug] [2022-07-06T02:53:32.665Z] ----------------------------------------------------------------------
[debug] 
[debug] [2022-07-06T02:53:32.675Z] > command requires scopes: ["email","openid","https://www.googleapis.com/auth/cloudplatformprojects.readonly","https://www.googleapis.com/auth/firebase","https://www.googleapis.com/auth/cloud-platform"]
[debug] [2022-07-06T02:53:32.676Z] > authorizing via signed-in user (pedroaugmed7@gmail.com)
[info] 
     ######## #### ########  ######## ########     ###     ######  ########
     ##        ##  ##     ## ##       ##     ##  ##   ##  ##       ##
     ######    ##  ########  ######   ########  #########  ######  ######
     ##        ##  ##    ##  ##       ##     ## ##     ##       ## ##
     ##       #### ##     ## ######## ########  ##     ##  ######  ########

You're about to initialize a Firebase project in this directory:

  C:\Users\Gioc7\Desktop\Projetcs\rick-morty-universe

[info] 
=== Project Setup
[info] 
[info] First, let's associate this project directory with a Firebase project.
[info] You can create multiple project aliases by running firebase use --add, 
[info] but for now we'll just set up a default project.
[info] 
[info] i  If you want to create a project in a Google Cloud organization or folder, please use "firebase projects:create" instead, and return to this command when you've created the project. 
[debug] [2022-07-06T02:54:08.062Z] >>> [apiv2][query] POST https://cloudresourcemanager.googleapis.com/v1/projects [none]
[debug] [2022-07-06T02:54:08.063Z] >>> [apiv2][body] POST https://cloudresourcemanager.googleapis.com/v1/projects {"projectId":"rick-morty-universe","name":"rick-morty-universe"}
[debug] [2022-07-06T02:54:09.465Z] <<< [apiv2][status] POST https://cloudresourcemanager.googleapis.com/v1/projects 200
[debug] [2022-07-06T02:54:09.465Z] <<< [apiv2][body] POST https://cloudresourcemanager.googleapis.com/v1/projects {"name":"operations/cp.4906441231701267408"}
[debug] [2022-07-06T02:54:09.466Z] >>> [apiv2][query] GET https://cloudresourcemanager.googleapis.com/v1/operations/cp.4906441231701267408 [none]
[debug] [2022-07-06T02:54:10.504Z] <<< [apiv2][status] GET https://cloudresourcemanager.googleapis.com/v1/operations/cp.4906441231701267408 200
[debug] [2022-07-06T02:54:10.504Z] <<< [apiv2][body] GET https://cloudresourcemanager.googleapis.com/v1/operations/cp.4906441231701267408 {"name":"operations/cp.4906441231701267408","metadata":{"@type":"type.googleapis.com/google.cloudresourcemanager.v1.ProjectCreationStatus","ready":true},"done":true,"error":{"code":9,"message":"Callers must accept Terms of Service","details":[{"@type":"type.googleapis.com/google.rpc.PreconditionFailure","violations":[{"type":"TOS","subject":"cloud","description":"Callers must accept Terms of Service"}]}]}}
[debug] [2022-07-06T02:54:10.666Z] FirebaseError: Callers must accept Terms of Service
    at OperationPoller.poll (C:\Users\Gioc7\AppData\Roaming\npm\node_modules\firebase-tools\lib\operation-poller.js:24:19)
    at processTicksAndRejections (node:internal/process/task_queues:96:5)
    at async createCloudProject (C:\Users\Gioc7\AppData\Roaming\npm\node_modules\firebase-tools\lib\management\projects.js:187:29)
    at async createFirebaseProjectAndLog (C:\Users\Gioc7\AppData\Roaming\npm\node_modules\firebase-tools\lib\management\projects.js:46:9)
    at async promptAndCreateNewProject (C:\Users\Gioc7\AppData\Roaming\npm\node_modules\firebase-tools\lib\init\features\project.js:32:12)
    at async doSetup (C:\Users\Gioc7\AppData\Roaming\npm\node_modules\firebase-tools\lib\init\features\project.js:88:27)
    at async init (C:\Users\Gioc7\AppData\Roaming\npm\node_modules\firebase-tools\lib\init\index.js:36:9)
[error] 
[error] Error: Failed to create project. See firebase-debug.log for more info.
